\BOOKMARK [0][]{Doc-Start}{List of Tables}{}% 1
\BOOKMARK [0][]{Doc-Start}{List of Figures}{}% 2
\BOOKMARK [0][]{chapter*.1}{Acknowledgements}{}% 3
\BOOKMARK [1][]{section.0.1}{Acknowledgements}{chapter*.1}% 4
\BOOKMARK [0][]{chapter*.2}{Abstract}{}% 5
\BOOKMARK [1][]{section.0.2}{Abstract}{chapter*.2}% 6
\BOOKMARK [0][]{chapter.1}{Chapter 1. Introduction}{}% 7
\BOOKMARK [1][]{section.1.1}{Lifetime and Degradation Science: Applicability to Renewable energy}{chapter.1}% 8
\BOOKMARK [0][]{chapter.2}{Chapter 2. Chapter Title}{}% 9
\BOOKMARK [1][]{section.2.1}{Analysis}{chapter.2}% 10
\BOOKMARK [0][]{chapter.3}{Chapter 3. Methodology}{}% 11
\BOOKMARK [1][]{section.3.1}{Section header}{chapter.3}% 12
\BOOKMARK [1][]{section.3.2}{Algorithm}{chapter.3}% 13
\BOOKMARK [0][]{chapter.4}{Chapter 4. Results}{}% 14
\BOOKMARK [1][]{section.4.1}{Specimen Selection \046 Characterization}{chapter.4}% 15
\BOOKMARK [0][]{chapter.5}{Chapter 5. Discussion}{}% 16
\BOOKMARK [0][]{chapter.6}{Chapter 6. Conclusions}{}% 17
\BOOKMARK [0][]{chapter.7}{Chapter 7. Suggested Future Research}{}% 18
\BOOKMARK [1][]{section.7.1}{Continuation of Exposures and Analysis}{chapter.7}% 19
\BOOKMARK [0][]{chapter.1}{Appendix A. Pprofile}{}% 20
\BOOKMARK [0][]{chapter.2}{Appendix B. Specimens}{}% 21
\BOOKMARK [0][]{chapter.3}{Appendix C. Preparation of this document}{}% 22
\BOOKMARK [0][]{chapter.4}{Appendix D. Figures}{}% 23
